Arguments: 
  /home/subhakant/.nvm/versions/node/v14.20.0/bin/node /home/subhakant/.nvm/versions/node/v14.20.0/bin/yarn add iperf3

PATH: 
  /home/subhakant/.nvm/versions/node/v14.20.0/bin:/usr/local/sbin:/usr/local/bin:/usr/sbin:/usr/bin:/sbin:/bin:/usr/games:/usr/local/games:/snap/bin

Yarn version: 
  1.22.19

Node version: 
  14.20.0

Platform: 
  linux x64

Trace: 
  Error: https://registry.yarnpkg.com/iperf3: Not found
      at Request.params.callback [as _callback] (/home/subhakant/.nvm/versions/node/v14.20.0/lib/node_modules/yarn/lib/cli.js:66145:18)
      at Request.self.callback (/home/subhakant/.nvm/versions/node/v14.20.0/lib/node_modules/yarn/lib/cli.js:140890:22)
      at Request.emit (events.js:400:28)
      at Request.<anonymous> (/home/subhakant/.nvm/versions/node/v14.20.0/lib/node_modules/yarn/lib/cli.js:141862:10)
      at Request.emit (events.js:400:28)
      at IncomingMessage.<anonymous> (/home/subhakant/.nvm/versions/node/v14.20.0/lib/node_modules/yarn/lib/cli.js:141784:12)
      at Object.onceWrapper (events.js:519:28)
      at IncomingMessage.emit (events.js:412:35)
      at endReadableNT (internal/streams/readable.js:1333:12)
      at processTicksAndRejections (internal/process/task_queues.js:82:21)

npm manifest: 
  {
    "name": "todo",
    "version": "1.0.0",
    "description": "",
    "main": "index.js",
    "scripts": {
      "test": "echo \"Error: no test specified\" && exit 1",
      "start": "nodemon"
    },
    "author": "sipun",
    "license": "ISC",
    "dependencies": {
      "axios": "^1.4.0",
      "bcrypt": "^5.1.0",
      "cors": "^2.8.5",
      "diskusage": "^1.1.3",
      "dotenv": "^16.0.3",
      "envo": "^0.0.3",
      "express": "^4.18.2",
      "jsonwebtoken": "^9.0.0",
      "mongoose": "^6.10.0",
      "node-nvidia-smi": "^1.0.0",
      "nodemon": "^2.0.22",
      "os-utils": "^0.0.14",
      "passport": "^0.6.0",
      "passport-jwt": "^4.0.1",
      "passport-local": "^1.0.0",
      "request-ip": "^3.3.0",
      "systeminformation": "^5.18.7"
    }
  }

yarn manifest: 
  No manifest

Lockfile: 
  No lockfile
